-------------------------------------------------------------------------------
Test set: com.in28minutes.springboot.web.SpringBootFirstWebApplicationTests
-------------------------------------------------------------------------------
Tests run: 1, Failures: 0, Errors: 1, Skipped: 0, Time elapsed: 1.193 s <<< FAILURE! - in com.in28minutes.springboot.web.SpringBootFirstWebApplicationTests
initializationError(com.in28minutes.springboot.web.SpringBootFirstWebApplicationTests)  Time elapsed: 0.021 s  <<< ERROR!
java.lang.IllegalStateException: Unable to find a @SpringBootConfiguration, you need to use @ContextConfiguration or @SpringBootTest(classes=...) with your test

